<?xml version="1.0" encoding="UTF-8"?>
<!-- Generated by org.testng.reporters.JUnitReportReporter -->
<testsuite skipped="0" hostname="DESKTOP-PC23MV5" name="PurchaseMoudle.ImransCases" tests="1" failures="0" timestamp="02 Feb 2019 23:29:23 GMT" time="25.068" errors="0">
  <testcase name="Test1" time="25.068" classname="PurchaseMoudle.ImransCases"/>
</testsuite> <!-- PurchaseMoudle.ImransCases -->
