<?xml version="1.0" encoding="UTF-8"?>
<!-- Generated by org.testng.reporters.JUnitReportReporter -->
<testsuite skipped="0" hostname="DESKTOP-PC23MV5" name="PurchaseMoudle.ImransCases" tests="1" failures="0" timestamp="01 Feb 2019 01:36:23 GMT" time="14.399" errors="0">
  <testcase name="Test1" time="14.399" classname="PurchaseMoudle.ImransCases"/>
</testsuite> <!-- PurchaseMoudle.ImransCases -->
