<?xml version="1.0" encoding="UTF-8"?>
<!-- Generated by org.testng.reporters.JUnitReportReporter -->
<testsuite skipped="0" hostname="DESKTOP-PC23MV5" name="PurchaseMoudle.ShehlasCases" tests="9" failures="0" timestamp="05 Feb 2019 00:01:46 GMT" time="279.785" errors="0">
  <testcase name="Test1" time="48.261" classname="PurchaseMoudle.ShehlasCases"/>
  <testcase name="Test2" time="23.261" classname="PurchaseMoudle.ShehlasCases"/>
  <testcase name="Test3" time="28.792" classname="PurchaseMoudle.ShehlasCases"/>
  <testcase name="Test4" time="29.613" classname="PurchaseMoudle.ShehlasCases"/>
  <testcase name="Test5" time="20.301" classname="PurchaseMoudle.ShehlasCases"/>
  <testcase name="Test6" time="19.519" classname="PurchaseMoudle.ShehlasCases"/>
  <testcase name="Test7" time="35.237" classname="PurchaseMoudle.ShehlasCases"/>
  <testcase name="Test8" time="27.769" classname="PurchaseMoudle.ShehlasCases"/>
  <testcase name="Test9" time="47.032" classname="PurchaseMoudle.ShehlasCases"/>
</testsuite> <!-- PurchaseMoudle.ShehlasCases -->
