<?xml version="1.0" encoding="UTF-8"?>
<!-- Generated by org.testng.reporters.JUnitReportReporter -->
<testsuite skipped="0" hostname="DESKTOP-PC23MV5" name="PurchaseMoudle.MuhtarsCases" tests="9" failures="0" timestamp="02 Feb 2019 17:53:58 GMT" time="228.145" errors="0">
  <testcase name="Test7" time="24.048" classname="PurchaseMoudle.MuhtarsCases"/>
  <testcase name="Test9" time="32.653" classname="PurchaseMoudle.MuhtarsCases"/>
  <testcase name="Test3" time="23.692" classname="PurchaseMoudle.MuhtarsCases"/>
  <testcase name="Test8" time="25.867" classname="PurchaseMoudle.MuhtarsCases"/>
  <testcase name="Test1" time="23.301" classname="PurchaseMoudle.MuhtarsCases"/>
  <testcase name="Test6" time="27.265" classname="PurchaseMoudle.MuhtarsCases"/>
  <testcase name="Test5" time="17.718" classname="PurchaseMoudle.MuhtarsCases"/>
  <testcase name="Test2" time="32.065" classname="PurchaseMoudle.MuhtarsCases"/>
  <testcase name="Test4" time="21.536" classname="PurchaseMoudle.MuhtarsCases"/>
</testsuite> <!-- PurchaseMoudle.MuhtarsCases -->
