<?xml version="1.0" encoding="UTF-8"?>
<!-- Generated by org.testng.reporters.JUnitReportReporter -->
<testsuite skipped="0" hostname="DESKTOP-PC23MV5" name="AllSmokeTests.MuhtarSmokeTest" tests="1" failures="0" timestamp="30 Jan 2019 23:25:13 GMT" time="35.122" errors="0">
  <testcase name="test1" time="35.122" classname="AllSmokeTests.MuhtarSmokeTest"/>
</testsuite> <!-- AllSmokeTests.MuhtarSmokeTest -->
