<?xml version="1.0" encoding="UTF-8"?>
<!-- Generated by org.testng.reporters.JUnitReportReporter -->
<testsuite skipped="0" hostname="DESKTOP-PC23MV5" name="PurchaseMoudle.RayisasCases" tests="2" failures="0" timestamp="07 Feb 2019 01:56:41 GMT" time="43.811" errors="0">
  <testcase name="Test12" time="23.624" classname="PurchaseMoudle.RayisasCases"/>
  <testcase name="Test11" time="20.187" classname="PurchaseMoudle.RayisasCases"/>
</testsuite> <!-- PurchaseMoudle.RayisasCases -->
