<?xml version="1.0" encoding="UTF-8"?>
<!-- Generated by org.testng.reporters.JUnitReportReporter -->
<testsuite skipped="0" hostname="DESKTOP-PC23MV5" name="PurchaseMoudle.LogInProcess" tests="7" failures="0" timestamp="31 Jan 2019 04:59:27 GMT" time="148.122" errors="0">
  <testcase name="Test4" time="18.992" classname="PurchaseMoudle.LogInProcess"/>
  <testcase name="Test3" time="21.051" classname="PurchaseMoudle.LogInProcess"/>
  <testcase name="Test5" time="20.754" classname="PurchaseMoudle.LogInProcess"/>
  <testcase name="Test1" time="21.683" classname="PurchaseMoudle.LogInProcess"/>
  <testcase name="Test2" time="19.123" classname="PurchaseMoudle.LogInProcess"/>
  <testcase name="Test6" time="25.499" classname="PurchaseMoudle.LogInProcess"/>
  <testcase name="Test7" time="21.020" classname="PurchaseMoudle.LogInProcess"/>
</testsuite> <!-- PurchaseMoudle.LogInProcess -->
