<?xml version="1.0" encoding="UTF-8"?>
<!-- Generated by org.testng.reporters.JUnitReportReporter -->
<testsuite skipped="0" hostname="DESKTOP-PC23MV5" name="PurchaseMoudle.ZohrasCases" tests="1" failures="0" timestamp="11 Feb 2019 01:57:15 GMT" time="22.691" errors="0">
  <testcase name="Test4" time="22.691" classname="PurchaseMoudle.ZohrasCases"/>
</testsuite> <!-- PurchaseMoudle.ZohrasCases -->
