<?xml version="1.0" encoding="UTF-8"?>
<!-- Generated by org.testng.reporters.JUnitReportReporter -->
<testsuite skipped="0" hostname="DESKTOP-PC23MV5" name="PurchaseMoudle.RayisasCases" tests="1" failures="0" timestamp="31 Jan 2019 23:39:03 GMT" time="14.263" errors="0">
  <testcase name="Test1" time="14.263" classname="PurchaseMoudle.RayisasCases"/>
</testsuite> <!-- PurchaseMoudle.RayisasCases -->
