<?xml version="1.0" encoding="UTF-8"?>
<!-- Generated by org.testng.reporters.JUnitReportReporter -->
<testsuite skipped="0" hostname="DESKTOP-PC23MV5" name="PurchaseMoudle.IhtiparsCases" tests="1" failures="0" timestamp="01 Feb 2019 18:15:06 GMT" time="20.799" errors="0">
  <testcase name="Test1" time="20.799" classname="PurchaseMoudle.IhtiparsCases"/>
</testsuite> <!-- PurchaseMoudle.IhtiparsCases -->
